<?xml version="1.0" encoding="UTF-8"?>
<robot generator="Robot 7.2.2 (Python 3.12.10 on win32)" generated="2025-04-16T17:49:04.845081" rpa="false" schemaversion="5">
<suite id="s1" name="Amazon Teste" source="c:\Users\thiag\OneDrive\Desktop\repos_2025\Robot-Framework\amazon_teste.robot">
<test id="s1-t1" name="Caso de teste 01 - Acesso ao menu &quot;Eletrônicos&quot;" line="8">
<kw name="Abrir o navegador" owner="amazon_resources" type="SETUP">
<kw name="Open Browser" owner="SeleniumLibrary">
<msg time="2025-04-16T17:49:05.265207" level="INFO">Opening browser 'chrome' to base url 'https://www.amazon.com.br/'.</msg>
<arg>${URL}</arg>
<arg>chrome</arg>
<doc>Opens a new browser instance to the optional ``url``.</doc>
<status status="PASS" start="2025-04-16T17:49:05.265207" elapsed="3.151987"/>
</kw>
<kw name="Maximize Browser Window" owner="SeleniumLibrary">
<doc>Maximizes current browser window.</doc>
<status status="PASS" start="2025-04-16T17:49:08.418190" elapsed="0.038651"/>
</kw>
<status status="PASS" start="2025-04-16T17:49:05.263213" elapsed="3.193628"/>
</kw>
<kw name="Acessar home page site amazon" owner="amazon_resources">
<kw name="Go To" owner="SeleniumLibrary">
<msg time="2025-04-16T17:49:08.458836" level="INFO">Opening url 'https://www.amazon.com.br/'</msg>
<arg>${URL}</arg>
<doc>Navigates the current browser window to the provided ``url``.</doc>
<status status="PASS" start="2025-04-16T17:49:08.458836" elapsed="0.840962"/>
</kw>
<kw name="Wait Until Element Is Visible" owner="SeleniumLibrary">
<arg>${MENU_ELETRONICOS}</arg>
<doc>Waits until the element ``locator`` is visible.</doc>
<status status="PASS" start="2025-04-16T17:49:09.299798" elapsed="0.121077"/>
</kw>
<doc>Acessa o site e aguarda o menu de eletrônicos carregar</doc>
<status status="PASS" start="2025-04-16T17:49:08.457835" elapsed="0.963040"/>
</kw>
<kw name="Entrar no menu Eletrônicos" owner="amazon_resources">
<kw name="Click Element" owner="SeleniumLibrary">
<msg time="2025-04-16T17:49:09.424879" level="INFO">Clicking element '//*[@id="nav-xshop"]/ul/li[9]/div/a'.</msg>
<arg>${MENU_ELETRONICOS}</arg>
<doc>Click the element identified by ``locator``.</doc>
<status status="PASS" start="2025-04-16T17:49:09.423887" elapsed="2.477966"/>
</kw>
<doc>Clica no menu de eletrônicos</doc>
<status status="PASS" start="2025-04-16T17:49:09.422880" elapsed="2.478973"/>
</kw>
<kw name="Verificar frase" owner="amazon_resources">
<kw name="Wait Until Page Contains" owner="SeleniumLibrary">
<arg>${texto}</arg>
<doc>Waits until ``text`` appears on the current page.</doc>
<status status="PASS" start="2025-04-16T17:49:11.903853" elapsed="0.281303"/>
</kw>
<kw name="Wait Until Element Is Visible" owner="SeleniumLibrary">
<arg>${HEADER_ELETRONICOS}</arg>
<doc>Waits until the element ``locator`` is visible.</doc>
<status status="PASS" start="2025-04-16T17:49:12.186156" elapsed="0.207816"/>
</kw>
<arg>Eletrônicos e Tecnologia</arg>
<doc>Aguarda a frase e o cabeçalho da página de eletrônicos</doc>
<status status="PASS" start="2025-04-16T17:49:11.902855" elapsed="0.492111"/>
</kw>
<kw name="Verificar se o título da página fica" owner="amazon_resources">
<kw name="Title Should Be" owner="SeleniumLibrary">
<msg time="2025-04-16T17:49:12.424800" level="INFO">Page title is 'Eletrônicos e Tecnologia | Amazon.com.br'.</msg>
<arg>${titulo}</arg>
<doc>Verifies that the current page title equals ``title``.</doc>
<status status="PASS" start="2025-04-16T17:49:12.396972" elapsed="0.027828"/>
</kw>
<arg>Eletrônicos e Tecnologia | Amazon.com.br</arg>
<status status="PASS" start="2025-04-16T17:49:12.394966" elapsed="0.030829"/>
</kw>
<kw name=" Verificar frase da categoria" owner="amazon_resources">
<kw name="Wait Until Page Contains" owner="SeleniumLibrary">
<arg>${texto}</arg>
<doc>Waits until ``text`` appears on the current page.</doc>
<status status="PASS" start="2025-04-16T17:49:12.431985" elapsed="0.077569"/>
</kw>
<arg>Navegue por categoria</arg>
<status status="PASS" start="2025-04-16T17:49:12.430992" elapsed="0.078562"/>
</kw>
<kw name="Fechar navegador" owner="amazon_resources" type="TEARDOWN">
<kw name="Close Browser" owner="SeleniumLibrary">
<doc>Closes the current browser.</doc>
<status status="PASS" start="2025-04-16T17:49:12.511553" elapsed="2.287905"/>
</kw>
<status status="PASS" start="2025-04-16T17:49:12.510553" elapsed="2.289916"/>
</kw>
<doc>Verifica o menu Eletrônicos e categoria "Computadores e Informática"</doc>
<tag>menus</tag>
<status status="PASS" start="2025-04-16T17:49:05.260207" elapsed="9.541257"/>
</test>
<doc>Essa suite testa o site da Amazon</doc>
<status status="PASS" start="2025-04-16T17:49:04.853089" elapsed="9.950390"/>
</suite>
<statistics>
<total>
<stat pass="1" fail="0" skip="0">All Tests</stat>
</total>
<tag>
<stat pass="1" fail="0" skip="0">menus</stat>
</tag>
<suite>
<stat name="Amazon Teste" id="s1" pass="1" fail="0" skip="0">Amazon Teste</stat>
</suite>
</statistics>
<errors>
</errors>
</robot>
