<?xml version="1.0" encoding="UTF-8"?>
<robot generator="Robot 7.2.2 (Python 3.12.10 on win32)" generated="2025-04-16T03:18:51.950558" rpa="false" schemaversion="5">
<suite id="s1" name="Amazon Teste" source="c:\Users\thiag\OneDrive\Desktop\repos_2025\Robot-Framework\amazon_teste.robot">
<test id="s1-t1" name="Caso de teste 01 - Acesso ao menu &quot;Eletrônicos&quot;" line="8">
<kw name="Abrir o navegador" owner="amazon_resources" type="SETUP">
<kw name="Open Browser" owner="SeleniumLibrary">
<msg time="2025-04-16T03:18:52.416111" level="INFO">Opening browser ' chrome' to base url 'None'.</msg>
<arg>browser= chrome</arg>
<doc>Opens a new browser instance to the optional ``url``.</doc>
<status status="PASS" start="2025-04-16T03:18:52.415118" elapsed="1.545624"/>
</kw>
<kw name="Maximize Browser Window" owner="SeleniumLibrary">
<doc>Maximizes current browser window.</doc>
<status status="PASS" start="2025-04-16T03:18:53.964742" elapsed="0.113001"/>
</kw>
<status status="PASS" start="2025-04-16T03:18:52.414116" elapsed="1.664618"/>
</kw>
<kw name="Acessar home page site amazon" owner="amazon_resources">
<kw name="Go To" owner="SeleniumLibrary">
<msg time="2025-04-16T03:18:54.083753" level="INFO">Opening url 'https://www.amazon.com.br'</msg>
<arg>url=${URL}</arg>
<doc>Navigates the current browser window to the provided ``url``.</doc>
<status status="PASS" start="2025-04-16T03:18:54.080747" elapsed="1.400418"/>
</kw>
<status status="PASS" start="2025-04-16T03:18:54.079741" elapsed="1.401424"/>
</kw>
<kw name="Fechar navegador" owner="amazon_resources" type="TEARDOWN">
<kw name="Close Browser" owner="SeleniumLibrary">
<doc>Closes the current browser.</doc>
<status status="PASS" start="2025-04-16T03:18:55.483166" elapsed="2.216278"/>
</kw>
<status status="PASS" start="2025-04-16T03:18:55.482157" elapsed="2.217287"/>
</kw>
<doc>Verifica o menu Eletrônicos e categoria "Computadores e Informática"</doc>
<tag>menus</tag>
<status status="PASS" start="2025-04-16T03:18:52.412115" elapsed="5.288334"/>
</test>
<doc>Essa suite testa o site da Amazon</doc>
<status status="PASS" start="2025-04-16T03:18:51.958565" elapsed="5.743883"/>
</suite>
<statistics>
<total>
<stat pass="1" fail="0" skip="0">All Tests</stat>
</total>
<tag>
<stat pass="1" fail="0" skip="0">menus</stat>
</tag>
<suite>
<stat name="Amazon Teste" id="s1" pass="1" fail="0" skip="0">Amazon Teste</stat>
</suite>
</statistics>
<errors>
</errors>
</robot>
